c:\users\heming\documents\visual studio 2013\projects\compilerlab6a\compilerlab6a\debug\vc120.pdb
c:\users\heming\documents\visual studio 2013\projects\compilerlab6a\compilerlab6a\debug\vc120.idb
c:\users\heming\documents\visual studio 2013\projects\compilerlab6a\compilerlab6a\debug\assem.obj
c:\users\heming\documents\visual studio 2013\projects\compilerlab6a\compilerlab6a\debug\canon.obj
c:\users\heming\documents\visual studio 2013\projects\compilerlab6a\compilerlab6a\debug\codegen.obj
c:\users\heming\documents\visual studio 2013\projects\compilerlab6a\compilerlab6a\debug\env.obj
c:\users\heming\documents\visual studio 2013\projects\compilerlab6a\compilerlab6a\debug\errormsg.obj
c:\users\heming\documents\visual studio 2013\projects\compilerlab6a\compilerlab6a\debug\lex.yy.obj
c:\users\heming\documents\visual studio 2013\projects\compilerlab6a\compilerlab6a\debug\parse.obj
c:\users\heming\documents\visual studio 2013\projects\compilerlab6a\compilerlab6a\debug\prabsyn.obj
c:\users\heming\documents\visual studio 2013\projects\compilerlab6a\compilerlab6a\debug\printtree.obj
c:\users\heming\documents\visual studio 2013\projects\compilerlab6a\compilerlab6a\debug\semant.obj
c:\users\heming\documents\visual studio 2013\projects\compilerlab6a\compilerlab6a\debug\symbol.obj
c:\users\heming\documents\visual studio 2013\projects\compilerlab6a\compilerlab6a\debug\table.obj
c:\users\heming\documents\visual studio 2013\projects\compilerlab6a\compilerlab6a\debug\temp.obj
c:\users\heming\documents\visual studio 2013\projects\compilerlab6a\compilerlab6a\debug\translate.obj
c:\users\heming\documents\visual studio 2013\projects\compilerlab6a\compilerlab6a\debug\tree.obj
c:\users\heming\documents\visual studio 2013\projects\compilerlab6a\compilerlab6a\debug\types.obj
c:\users\heming\documents\visual studio 2013\projects\compilerlab6a\compilerlab6a\debug\util.obj
c:\users\heming\documents\visual studio 2013\projects\compilerlab6a\compilerlab6a\debug\x86frame.obj
c:\users\heming\documents\visual studio 2013\projects\compilerlab6a\compilerlab6a\debug\y.tab.obj
c:\users\heming\documents\visual studio 2013\projects\compilerlab6a\compilerlab6a\debug\absyn.obj
c:\users\heming\documents\visual studio 2013\projects\compilerlab6a\compilerlab6a\debug\compilerlab6a.tlog\cl.command.1.tlog
c:\users\heming\documents\visual studio 2013\projects\compilerlab6a\compilerlab6a\debug\compilerlab6a.tlog\cl.read.1.tlog
c:\users\heming\documents\visual studio 2013\projects\compilerlab6a\compilerlab6a\debug\compilerlab6a.tlog\cl.write.1.tlog
